{"/Users/attila/Code/chealt/chealt/packages/unit-test/src/coverage/index.js": {"path":"/Users/attila/Code/chealt/chealt/packages/unit-test/src/coverage/index.js","statementMap":{"0":{"start":{"line":10,"column":13},"end":{"line":10,"column":33}},"1":{"start":{"line":12,"column":27},"end":{"line":27,"column":1}},"2":{"start":{"line":13,"column":2},"end":{"line":15,"column":3}},"3":{"start":{"line":14,"column":4},"end":{"line":14,"column":63}},"4":{"start":{"line":17,"column":2},"end":{"line":26,"column":3}},"5":{"start":{"line":19,"column":6},"end":{"line":23,"column":8}},"6":{"start":{"line":25,"column":6},"end":{"line":25,"column":71}},"7":{"start":{"line":29,"column":17},"end":{"line":37,"column":1}},"8":{"start":{"line":30,"column":2},"end":{"line":36,"column":3}},"9":{"start":{"line":31,"column":4},"end":{"line":31,"column":24}},"10":{"start":{"line":33,"column":4},"end":{"line":33,"column":25}},"11":{"start":{"line":35,"column":4},"end":{"line":35,"column":51}},"12":{"start":{"line":39,"column":26},"end":{"line":55,"column":1}},"13":{"start":{"line":40,"column":2},"end":{"line":42,"column":3}},"14":{"start":{"line":41,"column":4},"end":{"line":41,"column":51}},"15":{"start":{"line":44,"column":2},"end":{"line":46,"column":3}},"16":{"start":{"line":45,"column":4},"end":{"line":45,"column":52}},"17":{"start":{"line":48,"column":2},"end":{"line":50,"column":3}},"18":{"start":{"line":49,"column":4},"end":{"line":49,"column":54}},"19":{"start":{"line":52,"column":2},"end":{"line":54,"column":3}},"20":{"start":{"line":53,"column":4},"end":{"line":53,"column":52}},"21":{"start":{"line":57,"column":23},"end":{"line":67,"column":1}},"22":{"start":{"line":58,"column":42},"end":{"line":58,"column":81}},"23":{"start":{"line":59,"column":2},"end":{"line":59,"column":38}},"24":{"start":{"line":61,"column":2},"end":{"line":61,"column":25}},"25":{"start":{"line":62,"column":16},"end":{"line":62,"column":46}},"26":{"start":{"line":64,"column":2},"end":{"line":64,"column":65}},"27":{"start":{"line":66,"column":2},"end":{"line":66,"column":14}},"28":{"start":{"line":69,"column":27},"end":{"line":76,"column":1}},"29":{"start":{"line":70,"column":42},"end":{"line":70,"column":81}},"30":{"start":{"line":71,"column":2},"end":{"line":71,"column":38}},"31":{"start":{"line":73,"column":2},"end":{"line":73,"column":25}},"32":{"start":{"line":75,"column":2},"end":{"line":75,"column":90}}},"fnMap":{"0":{"name":"(anonymous_0)","decl":{"start":{"line":12,"column":27},"end":{"line":12,"column":28}},"loc":{"start":{"line":12,"column":39},"end":{"line":27,"column":1}},"line":12},"1":{"name":"(anonymous_1)","decl":{"start":{"line":29,"column":17},"end":{"line":29,"column":18}},"loc":{"start":{"line":29,"column":29},"end":{"line":37,"column":1}},"line":29},"2":{"name":"(anonymous_2)","decl":{"start":{"line":39,"column":26},"end":{"line":39,"column":27}},"loc":{"start":{"line":39,"column":59},"end":{"line":55,"column":1}},"line":39},"3":{"name":"(anonymous_3)","decl":{"start":{"line":57,"column":23},"end":{"line":57,"column":24}},"loc":{"start":{"line":57,"column":84},"end":{"line":67,"column":1}},"line":57},"4":{"name":"(anonymous_4)","decl":{"start":{"line":69,"column":27},"end":{"line":69,"column":28}},"loc":{"start":{"line":69,"column":61},"end":{"line":76,"column":1}},"line":69}},"branchMap":{"0":{"loc":{"start":{"line":13,"column":2},"end":{"line":15,"column":3}},"type":"if","locations":[{"start":{"line":13,"column":2},"end":{"line":15,"column":3}},{"start":{"line":13,"column":2},"end":{"line":15,"column":3}}],"line":13},"1":{"loc":{"start":{"line":17,"column":2},"end":{"line":26,"column":3}},"type":"switch","locations":[{"start":{"line":18,"column":4},"end":{"line":23,"column":8}},{"start":{"line":24,"column":4},"end":{"line":25,"column":71}}],"line":17},"2":{"loc":{"start":{"line":40,"column":2},"end":{"line":42,"column":3}},"type":"if","locations":[{"start":{"line":40,"column":2},"end":{"line":42,"column":3}},{"start":{"line":40,"column":2},"end":{"line":42,"column":3}}],"line":40},"3":{"loc":{"start":{"line":44,"column":2},"end":{"line":46,"column":3}},"type":"if","locations":[{"start":{"line":44,"column":2},"end":{"line":46,"column":3}},{"start":{"line":44,"column":2},"end":{"line":46,"column":3}}],"line":44},"4":{"loc":{"start":{"line":48,"column":2},"end":{"line":50,"column":3}},"type":"if","locations":[{"start":{"line":48,"column":2},"end":{"line":50,"column":3}},{"start":{"line":48,"column":2},"end":{"line":50,"column":3}}],"line":48},"5":{"loc":{"start":{"line":52,"column":2},"end":{"line":54,"column":3}},"type":"if","locations":[{"start":{"line":52,"column":2},"end":{"line":54,"column":3}},{"start":{"line":52,"column":2},"end":{"line":54,"column":3}}],"line":52},"6":{"loc":{"start":{"line":57,"column":30},"end":{"line":57,"column":79}},"type":"default-arg","locations":[{"start":{"line":57,"column":77},"end":{"line":57,"column":79}}],"line":57}},"s":{"0":1,"1":1,"2":6,"3":1,"4":5,"5":3,"6":2,"7":1,"8":1,"9":1,"10":0,"11":0,"12":1,"13":3,"14":1,"15":2,"16":0,"17":2,"18":0,"19":2,"20":0,"21":1,"22":5,"23":2,"24":2,"25":1,"26":1,"27":1,"28":1,"29":1,"30":1,"31":1,"32":1},"f":{"0":6,"1":1,"2":3,"3":5,"4":1},"b":{"0":[1,5],"1":[3,2],"2":[1,2],"3":[0,2],"4":[0,2],"5":[0,2],"6":[0]},"_coverageSchema":"1a1c01bbd47fc00a2c39e90264f33305004495a9","hash":"b75eea383c42e5b7fc4a58cc4b8602e2d1df2ee0"}
,"/Users/attila/Code/chealt/chealt/packages/unit-test/src/coverage/IBM/index.js": {"path":"/Users/attila/Code/chealt/chealt/packages/unit-test/src/coverage/IBM/index.js","statementMap":{"0":{"start":{"line":5,"column":17},"end":{"line":5,"column":39}},"1":{"start":{"line":7,"column":23},"end":{"line":23,"column":1}},"2":{"start":{"line":8,"column":2},"end":{"line":10,"column":3}},"3":{"start":{"line":9,"column":4},"end":{"line":9,"column":71}},"4":{"start":{"line":12,"column":2},"end":{"line":14,"column":3}},"5":{"start":{"line":13,"column":4},"end":{"line":13,"column":71}},"6":{"start":{"line":16,"column":2},"end":{"line":18,"column":3}},"7":{"start":{"line":17,"column":4},"end":{"line":17,"column":80}},"8":{"start":{"line":20,"column":2},"end":{"line":22,"column":3}},"9":{"start":{"line":21,"column":4},"end":{"line":21,"column":69}},"10":{"start":{"line":25,"column":15},"end":{"line":25,"column":105}},"11":{"start":{"line":25,"column":63},"end":{"line":25,"column":105}},"12":{"start":{"line":27,"column":20},"end":{"line":54,"column":1}},"13":{"start":{"line":28,"column":14},"end":{"line":32,"column":4}},"14":{"start":{"line":34,"column":2},"end":{"line":53,"column":4}},"15":{"start":{"line":36,"column":22},"end":{"line":36,"column":42}},"16":{"start":{"line":37,"column":18},"end":{"line":37,"column":39}},"17":{"start":{"line":39,"column":6},"end":{"line":51,"column":11}},"18":{"start":{"line":47,"column":10},"end":{"line":47,"column":59}},"19":{"start":{"line":50,"column":10},"end":{"line":50,"column":69}},"20":{"start":{"line":56,"column":27},"end":{"line":72,"column":1}},"21":{"start":{"line":57,"column":14},"end":{"line":61,"column":4}},"22":{"start":{"line":63,"column":14},"end":{"line":63,"column":35}},"23":{"start":{"line":65,"column":17},"end":{"line":65,"column":76}},"24":{"start":{"line":67,"column":2},"end":{"line":69,"column":3}},"25":{"start":{"line":68,"column":4},"end":{"line":68,"column":92}},"26":{"start":{"line":71,"column":2},"end":{"line":71,"column":34}}},"fnMap":{"0":{"name":"(anonymous_0)","decl":{"start":{"line":7,"column":23},"end":{"line":7,"column":24}},"loc":{"start":{"line":7,"column":78},"end":{"line":23,"column":1}},"line":7},"1":{"name":"(anonymous_1)","decl":{"start":{"line":25,"column":15},"end":{"line":25,"column":16}},"loc":{"start":{"line":25,"column":63},"end":{"line":25,"column":105}},"line":25},"2":{"name":"(anonymous_2)","decl":{"start":{"line":27,"column":20},"end":{"line":27,"column":21}},"loc":{"start":{"line":27,"column":99},"end":{"line":54,"column":1}},"line":27},"3":{"name":"(anonymous_3)","decl":{"start":{"line":35,"column":14},"end":{"line":35,"column":15}},"loc":{"start":{"line":35,"column":30},"end":{"line":52,"column":5}},"line":35},"4":{"name":"(anonymous_4)","decl":{"start":{"line":46,"column":14},"end":{"line":46,"column":15}},"loc":{"start":{"line":46,"column":20},"end":{"line":48,"column":9}},"line":46},"5":{"name":"(anonymous_5)","decl":{"start":{"line":49,"column":15},"end":{"line":49,"column":16}},"loc":{"start":{"line":49,"column":26},"end":{"line":51,"column":9}},"line":49},"6":{"name":"(anonymous_6)","decl":{"start":{"line":56,"column":27},"end":{"line":56,"column":28}},"loc":{"start":{"line":56,"column":111},"end":{"line":72,"column":1}},"line":56}},"branchMap":{"0":{"loc":{"start":{"line":8,"column":2},"end":{"line":10,"column":3}},"type":"if","locations":[{"start":{"line":8,"column":2},"end":{"line":10,"column":3}},{"start":{"line":8,"column":2},"end":{"line":10,"column":3}}],"line":8},"1":{"loc":{"start":{"line":12,"column":2},"end":{"line":14,"column":3}},"type":"if","locations":[{"start":{"line":12,"column":2},"end":{"line":14,"column":3}},{"start":{"line":12,"column":2},"end":{"line":14,"column":3}}],"line":12},"2":{"loc":{"start":{"line":16,"column":2},"end":{"line":18,"column":3}},"type":"if","locations":[{"start":{"line":16,"column":2},"end":{"line":18,"column":3}},{"start":{"line":16,"column":2},"end":{"line":18,"column":3}}],"line":16},"3":{"loc":{"start":{"line":20,"column":2},"end":{"line":22,"column":3}},"type":"if","locations":[{"start":{"line":20,"column":2},"end":{"line":22,"column":3}},{"start":{"line":20,"column":2},"end":{"line":22,"column":3}}],"line":20},"4":{"loc":{"start":{"line":67,"column":2},"end":{"line":69,"column":3}},"type":"if","locations":[{"start":{"line":67,"column":2},"end":{"line":69,"column":3}},{"start":{"line":67,"column":2},"end":{"line":69,"column":3}}],"line":67},"5":{"loc":{"start":{"line":67,"column":6},"end":{"line":67,"column":29}},"type":"binary-expr","locations":[{"start":{"line":67,"column":6},"end":{"line":67,"column":13}},{"start":{"line":67,"column":17},"end":{"line":67,"column":29}}],"line":67}},"s":{"0":1,"1":1,"2":3,"3":0,"4":3,"5":0,"6":3,"7":0,"8":3,"9":0,"10":1,"11":16,"12":1,"13":1,"14":1,"15":15,"16":15,"17":15,"18":15,"19":0,"20":1,"21":1,"22":1,"23":1,"24":1,"25":0,"26":1},"f":{"0":3,"1":16,"2":1,"3":15,"4":15,"5":0,"6":1},"b":{"0":[0,3],"1":[0,3],"2":[0,3],"3":[0,3],"4":[0,1],"5":[1,1]},"_coverageSchema":"1a1c01bbd47fc00a2c39e90264f33305004495a9","hash":"c530e9358d8b76a0c3381f983f6643ed5aac927b"}
}
