{"/Users/attila/Code/chealt/chealt/packages/unit-test/src/coverage/index.js": {"path":"/Users/attila/Code/chealt/chealt/packages/unit-test/src/coverage/index.js","statementMap":{"0":{"start":{"line":6,"column":13},"end":{"line":6,"column":33}},"1":{"start":{"line":8,"column":27},"end":{"line":22,"column":1}},"2":{"start":{"line":9,"column":2},"end":{"line":11,"column":3}},"3":{"start":{"line":10,"column":4},"end":{"line":10,"column":63}},"4":{"start":{"line":13,"column":2},"end":{"line":21,"column":3}},"5":{"start":{"line":15,"column":6},"end":{"line":18,"column":8}},"6":{"start":{"line":20,"column":6},"end":{"line":20,"column":71}},"7":{"start":{"line":24,"column":17},"end":{"line":32,"column":1}},"8":{"start":{"line":25,"column":2},"end":{"line":31,"column":3}},"9":{"start":{"line":26,"column":4},"end":{"line":26,"column":24}},"10":{"start":{"line":28,"column":4},"end":{"line":28,"column":25}},"11":{"start":{"line":30,"column":4},"end":{"line":30,"column":51}},"12":{"start":{"line":34,"column":26},"end":{"line":50,"column":1}},"13":{"start":{"line":35,"column":2},"end":{"line":37,"column":3}},"14":{"start":{"line":36,"column":4},"end":{"line":36,"column":51}},"15":{"start":{"line":39,"column":2},"end":{"line":41,"column":3}},"16":{"start":{"line":40,"column":4},"end":{"line":40,"column":52}},"17":{"start":{"line":43,"column":2},"end":{"line":45,"column":3}},"18":{"start":{"line":44,"column":4},"end":{"line":44,"column":54}},"19":{"start":{"line":47,"column":2},"end":{"line":49,"column":3}},"20":{"start":{"line":48,"column":4},"end":{"line":48,"column":52}},"21":{"start":{"line":52,"column":23},"end":{"line":62,"column":1}},"22":{"start":{"line":53,"column":42},"end":{"line":53,"column":81}},"23":{"start":{"line":54,"column":2},"end":{"line":54,"column":38}},"24":{"start":{"line":56,"column":2},"end":{"line":56,"column":25}},"25":{"start":{"line":57,"column":16},"end":{"line":57,"column":46}},"26":{"start":{"line":59,"column":2},"end":{"line":59,"column":65}},"27":{"start":{"line":61,"column":2},"end":{"line":61,"column":14}}},"fnMap":{"0":{"name":"(anonymous_0)","decl":{"start":{"line":8,"column":27},"end":{"line":8,"column":28}},"loc":{"start":{"line":8,"column":39},"end":{"line":22,"column":1}},"line":8},"1":{"name":"(anonymous_1)","decl":{"start":{"line":24,"column":17},"end":{"line":24,"column":18}},"loc":{"start":{"line":24,"column":29},"end":{"line":32,"column":1}},"line":24},"2":{"name":"(anonymous_2)","decl":{"start":{"line":34,"column":26},"end":{"line":34,"column":27}},"loc":{"start":{"line":34,"column":59},"end":{"line":50,"column":1}},"line":34},"3":{"name":"(anonymous_3)","decl":{"start":{"line":52,"column":23},"end":{"line":52,"column":24}},"loc":{"start":{"line":52,"column":84},"end":{"line":62,"column":1}},"line":52}},"branchMap":{"0":{"loc":{"start":{"line":9,"column":2},"end":{"line":11,"column":3}},"type":"if","locations":[{"start":{"line":9,"column":2},"end":{"line":11,"column":3}},{"start":{"line":9,"column":2},"end":{"line":11,"column":3}}],"line":9},"1":{"loc":{"start":{"line":13,"column":2},"end":{"line":21,"column":3}},"type":"switch","locations":[{"start":{"line":14,"column":4},"end":{"line":18,"column":8}},{"start":{"line":19,"column":4},"end":{"line":20,"column":71}}],"line":13},"2":{"loc":{"start":{"line":35,"column":2},"end":{"line":37,"column":3}},"type":"if","locations":[{"start":{"line":35,"column":2},"end":{"line":37,"column":3}},{"start":{"line":35,"column":2},"end":{"line":37,"column":3}}],"line":35},"3":{"loc":{"start":{"line":39,"column":2},"end":{"line":41,"column":3}},"type":"if","locations":[{"start":{"line":39,"column":2},"end":{"line":41,"column":3}},{"start":{"line":39,"column":2},"end":{"line":41,"column":3}}],"line":39},"4":{"loc":{"start":{"line":43,"column":2},"end":{"line":45,"column":3}},"type":"if","locations":[{"start":{"line":43,"column":2},"end":{"line":45,"column":3}},{"start":{"line":43,"column":2},"end":{"line":45,"column":3}}],"line":43},"5":{"loc":{"start":{"line":47,"column":2},"end":{"line":49,"column":3}},"type":"if","locations":[{"start":{"line":47,"column":2},"end":{"line":49,"column":3}},{"start":{"line":47,"column":2},"end":{"line":49,"column":3}}],"line":47},"6":{"loc":{"start":{"line":52,"column":30},"end":{"line":52,"column":79}},"type":"default-arg","locations":[{"start":{"line":52,"column":77},"end":{"line":52,"column":79}}],"line":52}},"s":{"0":1,"1":1,"2":5,"3":1,"4":4,"5":2,"6":2,"7":1,"8":1,"9":1,"10":0,"11":0,"12":1,"13":2,"14":1,"15":1,"16":0,"17":1,"18":0,"19":1,"20":0,"21":1,"22":5,"23":2,"24":2,"25":1,"26":1,"27":1},"f":{"0":5,"1":1,"2":2,"3":5},"b":{"0":[1,4],"1":[2,2],"2":[1,1],"3":[0,1],"4":[0,1],"5":[0,1],"6":[0]},"_coverageSchema":"1a1c01bbd47fc00a2c39e90264f33305004495a9","hash":"c42ee54fe8437619dc0a4ad84ee88ea225a7fea5"}
,"/Users/attila/Code/chealt/chealt/packages/unit-test/src/coverage/IBM/index.js": {"path":"/Users/attila/Code/chealt/chealt/packages/unit-test/src/coverage/IBM/index.js","statementMap":{"0":{"start":{"line":5,"column":17},"end":{"line":5,"column":39}},"1":{"start":{"line":7,"column":23},"end":{"line":23,"column":1}},"2":{"start":{"line":8,"column":2},"end":{"line":10,"column":3}},"3":{"start":{"line":9,"column":4},"end":{"line":9,"column":71}},"4":{"start":{"line":12,"column":2},"end":{"line":14,"column":3}},"5":{"start":{"line":13,"column":4},"end":{"line":13,"column":71}},"6":{"start":{"line":16,"column":2},"end":{"line":18,"column":3}},"7":{"start":{"line":17,"column":4},"end":{"line":17,"column":80}},"8":{"start":{"line":20,"column":2},"end":{"line":22,"column":3}},"9":{"start":{"line":21,"column":4},"end":{"line":21,"column":69}},"10":{"start":{"line":25,"column":20},"end":{"line":52,"column":1}},"11":{"start":{"line":26,"column":14},"end":{"line":30,"column":4}},"12":{"start":{"line":32,"column":2},"end":{"line":51,"column":4}},"13":{"start":{"line":34,"column":22},"end":{"line":34,"column":42}},"14":{"start":{"line":35,"column":18},"end":{"line":35,"column":76}},"15":{"start":{"line":37,"column":6},"end":{"line":49,"column":11}},"16":{"start":{"line":45,"column":10},"end":{"line":45,"column":59}},"17":{"start":{"line":48,"column":10},"end":{"line":48,"column":69}}},"fnMap":{"0":{"name":"(anonymous_0)","decl":{"start":{"line":7,"column":23},"end":{"line":7,"column":24}},"loc":{"start":{"line":7,"column":78},"end":{"line":23,"column":1}},"line":7},"1":{"name":"(anonymous_1)","decl":{"start":{"line":25,"column":20},"end":{"line":25,"column":21}},"loc":{"start":{"line":25,"column":99},"end":{"line":52,"column":1}},"line":25},"2":{"name":"(anonymous_2)","decl":{"start":{"line":33,"column":14},"end":{"line":33,"column":15}},"loc":{"start":{"line":33,"column":30},"end":{"line":50,"column":5}},"line":33},"3":{"name":"(anonymous_3)","decl":{"start":{"line":44,"column":14},"end":{"line":44,"column":15}},"loc":{"start":{"line":44,"column":20},"end":{"line":46,"column":9}},"line":44},"4":{"name":"(anonymous_4)","decl":{"start":{"line":47,"column":15},"end":{"line":47,"column":16}},"loc":{"start":{"line":47,"column":26},"end":{"line":49,"column":9}},"line":47}},"branchMap":{"0":{"loc":{"start":{"line":8,"column":2},"end":{"line":10,"column":3}},"type":"if","locations":[{"start":{"line":8,"column":2},"end":{"line":10,"column":3}},{"start":{"line":8,"column":2},"end":{"line":10,"column":3}}],"line":8},"1":{"loc":{"start":{"line":12,"column":2},"end":{"line":14,"column":3}},"type":"if","locations":[{"start":{"line":12,"column":2},"end":{"line":14,"column":3}},{"start":{"line":12,"column":2},"end":{"line":14,"column":3}}],"line":12},"2":{"loc":{"start":{"line":16,"column":2},"end":{"line":18,"column":3}},"type":"if","locations":[{"start":{"line":16,"column":2},"end":{"line":18,"column":3}},{"start":{"line":16,"column":2},"end":{"line":18,"column":3}}],"line":16},"3":{"loc":{"start":{"line":20,"column":2},"end":{"line":22,"column":3}},"type":"if","locations":[{"start":{"line":20,"column":2},"end":{"line":22,"column":3}},{"start":{"line":20,"column":2},"end":{"line":22,"column":3}}],"line":20}},"s":{"0":1,"1":1,"2":2,"3":0,"4":2,"5":0,"6":2,"7":0,"8":2,"9":0,"10":1,"11":1,"12":1,"13":15,"14":15,"15":15,"16":15,"17":0},"f":{"0":2,"1":1,"2":15,"3":15,"4":0},"b":{"0":[0,2],"1":[0,2],"2":[0,2],"3":[0,2]},"_coverageSchema":"1a1c01bbd47fc00a2c39e90264f33305004495a9","hash":"bf1841e3cc6d3ddefc21ccbf1a1afd9c6fe5225f"}
}
