TN:
SF:src/coverage/index.js
FN:12,(anonymous_0)
FN:29,(anonymous_1)
FN:39,(anonymous_2)
FN:57,(anonymous_3)
FN:69,(anonymous_4)
FNF:5
FNH:5
FNDA:6,(anonymous_0)
FNDA:1,(anonymous_1)
FNDA:3,(anonymous_2)
FNDA:5,(anonymous_3)
FNDA:1,(anonymous_4)
DA:10,1
DA:12,1
DA:13,6
DA:14,1
DA:17,5
DA:19,3
DA:25,2
DA:29,1
DA:30,1
DA:31,1
DA:33,0
DA:35,0
DA:39,1
DA:40,3
DA:41,1
DA:44,2
DA:45,0
DA:48,2
DA:49,0
DA:52,2
DA:53,0
DA:57,1
DA:58,5
DA:59,2
DA:61,2
DA:62,1
DA:64,1
DA:66,1
DA:69,1
DA:70,1
DA:71,1
DA:73,1
DA:75,1
LF:33
LH:28
BRDA:13,0,0,1
BRDA:13,0,1,5
BRDA:17,1,0,3
BRDA:17,1,1,2
BRDA:40,2,0,1
BRDA:40,2,1,2
BRDA:44,3,0,0
BRDA:44,3,1,2
BRDA:48,4,0,0
BRDA:48,4,1,2
BRDA:52,5,0,0
BRDA:52,5,1,2
BRDA:57,6,0,0
BRF:13
BRH:9
end_of_record
TN:
SF:src/coverage/IBM/index.js
FN:7,(anonymous_0)
FN:25,(anonymous_1)
FN:27,(anonymous_2)
FN:35,(anonymous_3)
FN:46,(anonymous_4)
FN:49,(anonymous_5)
FN:56,(anonymous_6)
FNF:7
FNH:6
FNDA:3,(anonymous_0)
FNDA:16,(anonymous_1)
FNDA:1,(anonymous_2)
FNDA:15,(anonymous_3)
FNDA:15,(anonymous_4)
FNDA:0,(anonymous_5)
FNDA:1,(anonymous_6)
DA:5,1
DA:7,1
DA:8,3
DA:9,0
DA:12,3
DA:13,0
DA:16,3
DA:17,0
DA:20,3
DA:21,0
DA:25,16
DA:27,1
DA:28,1
DA:34,1
DA:36,15
DA:37,15
DA:39,15
DA:47,15
DA:50,0
DA:56,1
DA:57,1
DA:63,1
DA:65,1
DA:67,1
DA:68,0
DA:71,1
LF:26
LH:20
BRDA:8,0,0,0
BRDA:8,0,1,3
BRDA:12,1,0,0
BRDA:12,1,1,3
BRDA:16,2,0,0
BRDA:16,2,1,3
BRDA:20,3,0,0
BRDA:20,3,1,3
BRDA:67,4,0,0
BRDA:67,4,1,1
BRDA:67,5,0,1
BRDA:67,5,1,1
BRF:12
BRH:7
end_of_record
