TN:
SF:src/coverage/index.js
FN:8,(anonymous_0)
FN:24,(anonymous_1)
FN:34,(anonymous_2)
FN:52,(anonymous_3)
FNF:4
FNH:4
FNDA:5,(anonymous_0)
FNDA:1,(anonymous_1)
FNDA:2,(anonymous_2)
FNDA:5,(anonymous_3)
DA:6,1
DA:8,1
DA:9,5
DA:10,1
DA:13,4
DA:15,2
DA:20,2
DA:24,1
DA:25,1
DA:26,1
DA:28,0
DA:30,0
DA:34,1
DA:35,2
DA:36,1
DA:39,1
DA:40,0
DA:43,1
DA:44,0
DA:47,1
DA:48,0
DA:52,1
DA:53,5
DA:54,2
DA:56,2
DA:57,1
DA:59,1
DA:61,1
LF:28
LH:23
BRDA:9,0,0,1
BRDA:9,0,1,4
BRDA:13,1,0,2
BRDA:13,1,1,2
BRDA:35,2,0,1
BRDA:35,2,1,1
BRDA:39,3,0,0
BRDA:39,3,1,1
BRDA:43,4,0,0
BRDA:43,4,1,1
BRDA:47,5,0,0
BRDA:47,5,1,1
BRDA:52,6,0,0
BRF:13
BRH:9
end_of_record
TN:
SF:src/coverage/IBM/index.js
FN:7,(anonymous_0)
FN:25,(anonymous_1)
FN:33,(anonymous_2)
FN:44,(anonymous_3)
FN:47,(anonymous_4)
FNF:5
FNH:4
FNDA:2,(anonymous_0)
FNDA:1,(anonymous_1)
FNDA:15,(anonymous_2)
FNDA:15,(anonymous_3)
FNDA:0,(anonymous_4)
DA:5,1
DA:7,1
DA:8,2
DA:9,0
DA:12,2
DA:13,0
DA:16,2
DA:17,0
DA:20,2
DA:21,0
DA:25,1
DA:26,1
DA:32,1
DA:34,15
DA:35,15
DA:37,15
DA:45,15
DA:48,0
LF:18
LH:13
BRDA:8,0,0,0
BRDA:8,0,1,2
BRDA:12,1,0,0
BRDA:12,1,1,2
BRDA:16,2,0,0
BRDA:16,2,1,2
BRDA:20,3,0,0
BRDA:20,3,1,2
BRF:8
BRH:4
end_of_record
